2022-06-23 15:41:04.648605: W tensorflow/core/framework/cpu_allocator_impl.cc:81] Allocation of 921600 exceeds 10% of system memory.
2022-06-23 15:41:05.704225: W tensorflow/core/framework/cpu_allocator_impl.cc:81] Allocation of 221184 exceeds 10% of system memory.
2022-06-23 15:41:05.704675: W tensorflow/core/framework/cpu_allocator_impl.cc:81] Allocation of 221184 exceeds 10% of system memory.
2022-06-23 15:41:05.704938: W tensorflow/core/framework/cpu_allocator_impl.cc:81] Allocation of 221184 exceeds 10% of system memory.
2022-06-23 15:41:05.705346: W tensorflow/core/framework/cpu_allocator_impl.cc:81] Allocation of 221184 exceeds 10% of system memory.
2022-06-23 16:54:00.614997: W tensorflow/core/framework/cpu_allocator_impl.cc:81] Allocation of 921600 exceeds 10% of system memory.
2022-06-23 16:54:01.648950: W tensorflow/core/framework/cpu_allocator_impl.cc:81] Allocation of 221184 exceeds 10% of system memory.
2022-06-23 16:54:01.649396: W tensorflow/core/framework/cpu_allocator_impl.cc:81] Allocation of 221184 exceeds 10% of system memory.
2022-06-23 16:54:01.649658: W tensorflow/core/framework/cpu_allocator_impl.cc:81] Allocation of 221184 exceeds 10% of system memory.
2022-06-23 16:54:01.650020: W tensorflow/core/framework/cpu_allocator_impl.cc:81] Allocation of 221184 exceeds 10% of system memory.
[ WARN:0@14.285] global /tmp/pip-wheel-8dvnqe62/opencv-python_7949e8065e824f1480edaa2d75fce534/opencv/modules/videoio/src/cap_v4l.cpp (889) open VIDEOIO(V4L2:/dev/video0): can't open camera by index
 * Serving Flask app 'webserver' (lazy loading)
 * Environment: production
   WARNING: This is a development server. Do not use it in a production deployment.
   Use a production WSGI server instead.
 * Debug mode: off
[ WARN:0@13.700] global /tmp/pip-wheel-8dvnqe62/opencv-python_7949e8065e824f1480edaa2d75fce534/opencv/modules/videoio/src/cap_v4l.cpp (889) open VIDEOIO(V4L2:/dev/video0): can't open camera by index
 * Serving Flask app 'webserver' (lazy loading)
 * Environment: production
   WARNING: This is a development server. Do not use it in a production deployment.
   Use a production WSGI server instead.
 * Debug mode: off
[ WARN:0@13.763] global /tmp/pip-wheel-8dvnqe62/opencv-python_7949e8065e824f1480edaa2d75fce534/opencv/modules/videoio/src/cap_v4l.cpp (889) open VIDEOIO(V4L2:/dev/video0): can't open camera by index
 * Serving Flask app 'webserver' (lazy loading)
 * Environment: production
   WARNING: This is a development server. Do not use it in a production deployment.
   Use a production WSGI server instead.
 * Debug mode: off
[ WARN:0@14.261] global /tmp/pip-wheel-8dvnqe62/opencv-python_7949e8065e824f1480edaa2d75fce534/opencv/modules/videoio/src/cap_v4l.cpp (889) open VIDEOIO(V4L2:/dev/video0): can't open camera by index
 * Serving Flask app 'webserver' (lazy loading)
 * Environment: production
   WARNING: This is a development server. Do not use it in a production deployment.
   Use a production WSGI server instead.
 * Debug mode: off
